

Started GET "/" for 127.0.0.1 at 2016-05-10 21:36:27 -0300
Processing by Rails::WelcomeController#index as HTML
  Rendered /home/rafael/.rvm/gems/ruby-2.0.0-p353/gems/railties-4.2.6/lib/rails/templates/rails/welcome/index.html.erb (14.7ms)
Completed 200 OK in 56ms (Views: 40.9ms | ActiveRecord: 0.0ms)


Started GET "/pages" for 127.0.0.1 at 2016-05-10 21:36:31 -0300

ActionController::RoutingError (No route matches [GET] "/pages"):
  actionpack (4.2.6) lib/action_dispatch/middleware/debug_exceptions.rb:21:in `call'
  web-console (2.3.0) lib/web_console/middleware.rb:28:in `block in call'
  web-console (2.3.0) lib/web_console/middleware.rb:18:in `catch'
  web-console (2.3.0) lib/web_console/middleware.rb:18:in `call'
  actionpack (4.2.6) lib/action_dispatch/middleware/show_exceptions.rb:30:in `call'
  railties (4.2.6) lib/rails/rack/logger.rb:38:in `call_app'
  railties (4.2.6) lib/rails/rack/logger.rb:20:in `block in call'
  activesupport (4.2.6) lib/active_support/tagged_logging.rb:68:in `block in tagged'
  activesupport (4.2.6) lib/active_support/tagged_logging.rb:26:in `tagged'
  activesupport (4.2.6) lib/active_support/tagged_logging.rb:68:in `tagged'
  railties (4.2.6) lib/rails/rack/logger.rb:20:in `call'
  actionpack (4.2.6) lib/action_dispatch/middleware/request_id.rb:21:in `call'
  rack (1.6.4) lib/rack/methodoverride.rb:22:in `call'
  rack (1.6.4) lib/rack/runtime.rb:18:in `call'
  activesupport (4.2.6) lib/active_support/cache/strategy/local_cache_middleware.rb:28:in `call'
  rack (1.6.4) lib/rack/lock.rb:17:in `call'
  actionpack (4.2.6) lib/action_dispatch/middleware/static.rb:120:in `call'
  rack (1.6.4) lib/rack/sendfile.rb:113:in `call'
  railties (4.2.6) lib/rails/engine.rb:518:in `call'
  railties (4.2.6) lib/rails/application.rb:165:in `call'
  rack (1.6.4) lib/rack/lock.rb:17:in `call'
  rack (1.6.4) lib/rack/content_length.rb:15:in `call'
  rack (1.6.4) lib/rack/handler/webrick.rb:88:in `service'
  /home/rafael/.rvm/rubies/ruby-2.0.0-p353/lib/ruby/2.0.0/webrick/httpserver.rb:138:in `service'
  /home/rafael/.rvm/rubies/ruby-2.0.0-p353/lib/ruby/2.0.0/webrick/httpserver.rb:94:in `run'
  /home/rafael/.rvm/rubies/ruby-2.0.0-p353/lib/ruby/2.0.0/webrick/server.rb:295:in `block in start_thread'


  Rendered /home/rafael/.rvm/gems/ruby-2.0.0-p353/gems/actionpack-4.2.6/lib/action_dispatch/middleware/templates/rescues/_trace.html.erb (1.1ms)
  Rendered /home/rafael/.rvm/gems/ruby-2.0.0-p353/gems/actionpack-4.2.6/lib/action_dispatch/middleware/templates/routes/_route.html.erb (0.6ms)
  Rendered /home/rafael/.rvm/gems/ruby-2.0.0-p353/gems/actionpack-4.2.6/lib/action_dispatch/middleware/templates/routes/_table.html.erb (21.2ms)
  Rendered /home/rafael/.rvm/gems/ruby-2.0.0-p353/gems/actionpack-4.2.6/lib/action_dispatch/middleware/templates/rescues/_request_and_response.html.erb (0.9ms)
  Rendered /home/rafael/.rvm/gems/ruby-2.0.0-p353/gems/actionpack-4.2.6/lib/action_dispatch/middleware/templates/rescues/routing_error.html.erb within rescues/layout (158.1ms)
  Rendered /home/rafael/.rvm/gems/ruby-2.0.0-p353/gems/web-console-2.3.0/lib/web_console/templates/_markup.html.erb (0.3ms)
  Rendered /home/rafael/.rvm/gems/ruby-2.0.0-p353/gems/web-console-2.3.0/lib/web_console/templates/_inner_console_markup.html.erb within layouts/inlined_string (0.5ms)
  Rendered /home/rafael/.rvm/gems/ruby-2.0.0-p353/gems/web-console-2.3.0/lib/web_console/templates/_prompt_box_markup.html.erb within layouts/inlined_string (0.2ms)
  Rendered /home/rafael/.rvm/gems/ruby-2.0.0-p353/gems/web-console-2.3.0/lib/web_console/templates/style.css.erb within layouts/inlined_string (0.7ms)
  Rendered /home/rafael/.rvm/gems/ruby-2.0.0-p353/gems/web-console-2.3.0/lib/web_console/templates/console.js.erb within layouts/javascript (87.7ms)
  Rendered /home/rafael/.rvm/gems/ruby-2.0.0-p353/gems/web-console-2.3.0/lib/web_console/templates/main.js.erb within layouts/javascript (0.2ms)
  Rendered /home/rafael/.rvm/gems/ruby-2.0.0-p353/gems/web-console-2.3.0/lib/web_console/templates/error_page.js.erb within layouts/javascript (0.3ms)
  Rendered /home/rafael/.rvm/gems/ruby-2.0.0-p353/gems/web-console-2.3.0/lib/web_console/templates/index.html.erb (104.2ms)


Started GET "/pages/home" for 127.0.0.1 at 2016-05-10 21:36:34 -0300
Processing by PagesController#home as HTML
  Rendered pages/home.html.erb within layouts/application (43.4ms)
Completed 500 Internal Server Error in 49ms (ActiveRecord: 0.0ms)

ActionView::Template::Error (undefined local variable or method `welcome_about_path' for #<#<Class:0x00000004278270>:0x000000042a3f60>):
    1: <h1> This is the homepage </h1>
    2: 
    3: <%= link_to 'About', welcome_about_path %>
  app/views/pages/home.html.erb:3:in `_app_views_pages_home_html_erb___2743173213421196186_34936260'


  Rendered /home/rafael/.rvm/gems/ruby-2.0.0-p353/gems/actionpack-4.2.6/lib/action_dispatch/middleware/templates/rescues/_source.erb (4.4ms)
  Rendered /home/rafael/.rvm/gems/ruby-2.0.0-p353/gems/actionpack-4.2.6/lib/action_dispatch/middleware/templates/rescues/_trace.html.erb (1.7ms)
  Rendered /home/rafael/.rvm/gems/ruby-2.0.0-p353/gems/actionpack-4.2.6/lib/action_dispatch/middleware/templates/rescues/_request_and_response.html.erb (0.6ms)
  Rendered /home/rafael/.rvm/gems/ruby-2.0.0-p353/gems/actionpack-4.2.6/lib/action_dispatch/middleware/templates/rescues/template_error.html.erb within rescues/layout (15.7ms)
  Rendered /home/rafael/.rvm/gems/ruby-2.0.0-p353/gems/web-console-2.3.0/lib/web_console/templates/_markup.html.erb (0.6ms)
  Rendered /home/rafael/.rvm/gems/ruby-2.0.0-p353/gems/web-console-2.3.0/lib/web_console/templates/_inner_console_markup.html.erb within layouts/inlined_string (0.2ms)
  Rendered /home/rafael/.rvm/gems/ruby-2.0.0-p353/gems/web-console-2.3.0/lib/web_console/templates/_prompt_box_markup.html.erb within layouts/inlined_string (0.2ms)
  Rendered /home/rafael/.rvm/gems/ruby-2.0.0-p353/gems/web-console-2.3.0/lib/web_console/templates/style.css.erb within layouts/inlined_string (0.3ms)
  Rendered /home/rafael/.rvm/gems/ruby-2.0.0-p353/gems/web-console-2.3.0/lib/web_console/templates/console.js.erb within layouts/javascript (10.4ms)
  Rendered /home/rafael/.rvm/gems/ruby-2.0.0-p353/gems/web-console-2.3.0/lib/web_console/templates/main.js.erb within layouts/javascript (0.5ms)
  Rendered /home/rafael/.rvm/gems/ruby-2.0.0-p353/gems/web-console-2.3.0/lib/web_console/templates/error_page.js.erb within layouts/javascript (0.3ms)
  Rendered /home/rafael/.rvm/gems/ruby-2.0.0-p353/gems/web-console-2.3.0/lib/web_console/templates/index.html.erb (25.2ms)


Started GET "/pages/home" for 127.0.0.1 at 2016-05-10 21:37:24 -0300
Processing by PagesController#home as HTML
  Rendered pages/home.html.erb within layouts/application (2.1ms)
Completed 200 OK in 1321ms (Views: 1314.8ms | ActiveRecord: 0.0ms)


Started GET "/assets/application.self-3b8dabdc891efe46b9a144b400ad69e37d7e5876bdc39dee783419a69d7ca819.js?body=1" for 127.0.0.1 at 2016-05-10 21:37:25 -0300


Started GET "/assets/jquery.self-660adc51e0224b731d29f575a6f1ec167ba08ad06ed5deca4f1e8654c135bf4c.js?body=1" for 127.0.0.1 at 2016-05-10 21:37:25 -0300


Started GET "/assets/application.self-e80e8f2318043e8af94dddc2adad5a4f09739a8ebb323b3ab31cd71d45fd9113.css?body=1" for 127.0.0.1 at 2016-05-10 21:37:25 -0300


Started GET "/assets/jquery_ujs.self-e87806d0cf4489aeb1bb7288016024e8de67fd18db693fe026fe3907581e53cd.js?body=1" for 127.0.0.1 at 2016-05-10 21:37:25 -0300


Started GET "/assets/turbolinks.self-c37727e9bd6b2735da5c311aa83fead54ed0be6cc8bd9a65309e9c5abe2cbfff.js?body=1" for 127.0.0.1 at 2016-05-10 21:37:26 -0300


Started GET "/pages/about" for 127.0.0.1 at 2016-05-10 21:37:27 -0300
Processing by PagesController#about as HTML
  Rendered pages/about.html.erb within layouts/application (0.5ms)
Completed 200 OK in 9ms (Views: 8.1ms | ActiveRecord: 0.0ms)


Started GET "/pages/home" for 127.0.0.1 at 2016-05-10 21:37:29 -0300
Processing by PagesController#home as HTML
  Rendered pages/home.html.erb within layouts/application (0.5ms)
Completed 200 OK in 10ms (Views: 8.9ms | ActiveRecord: 0.0ms)


Started GET "/pages/about" for 127.0.0.1 at 2016-05-10 21:37:29 -0300
Processing by PagesController#about as HTML
  Rendered pages/about.html.erb within layouts/application (0.1ms)
Completed 200 OK in 8ms (Views: 7.2ms | ActiveRecord: 0.0ms)


Started GET "/pages/about" for 127.0.0.1 at 2016-05-10 21:48:02 -0300
Processing by PagesController#about as HTML
  Rendered pages/about.html.erb within layouts/application (105.6ms)
Completed 200 OK in 202ms (Views: 201.6ms | ActiveRecord: 0.0ms)


Started GET "/assets/application.self-e80e8f2318043e8af94dddc2adad5a4f09739a8ebb323b3ab31cd71d45fd9113.css?body=1" for 127.0.0.1 at 2016-05-10 21:48:02 -0300


Started GET "/assets/jquery.self-660adc51e0224b731d29f575a6f1ec167ba08ad06ed5deca4f1e8654c135bf4c.js?body=1" for 127.0.0.1 at 2016-05-10 21:48:02 -0300


Started GET "/assets/turbolinks.self-c37727e9bd6b2735da5c311aa83fead54ed0be6cc8bd9a65309e9c5abe2cbfff.js?body=1" for 127.0.0.1 at 2016-05-10 21:48:02 -0300


Started GET "/assets/jquery_ujs.self-e87806d0cf4489aeb1bb7288016024e8de67fd18db693fe026fe3907581e53cd.js?body=1" for 127.0.0.1 at 2016-05-10 21:48:02 -0300


Started GET "/assets/application.self-3b8dabdc891efe46b9a144b400ad69e37d7e5876bdc39dee783419a69d7ca819.js?body=1" for 127.0.0.1 at 2016-05-10 21:48:02 -0300


Started GET "/assets/profilepicture-88f743a97a1418f1b9e7232bd97beff42913201ba427846e49f354081cc721d6.jpg" for 127.0.0.1 at 2016-05-10 21:48:02 -0300


Started GET "/pages/home" for 127.0.0.1 at 2016-05-10 21:48:07 -0300
Processing by PagesController#home as HTML
  Rendered pages/home.html.erb within layouts/application (2.6ms)
Completed 200 OK in 11ms (Views: 10.9ms | ActiveRecord: 0.0ms)


Started GET "/pages/about" for 127.0.0.1 at 2016-05-10 21:48:08 -0300
Processing by PagesController#about as HTML
  Rendered pages/about.html.erb within layouts/application (2.4ms)
Completed 200 OK in 12ms (Views: 11.3ms | ActiveRecord: 0.0ms)


Started GET "/pages/home" for 127.0.0.1 at 2016-05-10 21:48:08 -0300
Processing by PagesController#home as HTML
  Rendered pages/home.html.erb within layouts/application (0.8ms)
Completed 200 OK in 11ms (Views: 9.3ms | ActiveRecord: 0.0ms)


Started GET "/" for 127.0.0.1 at 2016-05-10 21:55:09 -0300
Processing by PagesController#home as HTML
  Rendered pages/home.html.erb within layouts/application (1.5ms)
Completed 200 OK in 17ms (Views: 16.0ms | ActiveRecord: 0.0ms)


Started GET "/" for 127.0.0.1 at 2016-05-10 21:55:37 -0300
Processing by PagesController#home as HTML
  Rendered pages/home.html.erb within layouts/application (11.9ms)
Completed 500 Internal Server Error in 18ms (ActiveRecord: 0.0ms)

ActionView::Template::Error (undefined local variable or method `pages_about_path' for #<#<Class:0x00000004858de8>:0x000000049800e0>):
    1: <h1> This is the homepage </h1>
    2: <%= link_to image_tag('profilepicture.jpg'), 'www.mashrurhossain.com' %>
    3: <%= link_to 'About', pages_about_path %>
  app/views/pages/home.html.erb:3:in `_app_views_pages_home_html_erb___44871933331931449_69938913981960'


  Rendered /home/rafael/.rvm/gems/ruby-2.0.0-p353/gems/actionpack-4.2.6/lib/action_dispatch/middleware/templates/rescues/_source.erb (4.0ms)
  Rendered /home/rafael/.rvm/gems/ruby-2.0.0-p353/gems/actionpack-4.2.6/lib/action_dispatch/middleware/templates/rescues/_trace.html.erb (1.8ms)
  Rendered /home/rafael/.rvm/gems/ruby-2.0.0-p353/gems/actionpack-4.2.6/lib/action_dispatch/middleware/templates/rescues/_request_and_response.html.erb (1.6ms)
  Rendered /home/rafael/.rvm/gems/ruby-2.0.0-p353/gems/actionpack-4.2.6/lib/action_dispatch/middleware/templates/rescues/template_error.html.erb within rescues/layout (17.2ms)
  Rendered /home/rafael/.rvm/gems/ruby-2.0.0-p353/gems/web-console-2.3.0/lib/web_console/templates/_markup.html.erb (0.3ms)
  Rendered /home/rafael/.rvm/gems/ruby-2.0.0-p353/gems/web-console-2.3.0/lib/web_console/templates/_inner_console_markup.html.erb within layouts/inlined_string (0.3ms)
  Rendered /home/rafael/.rvm/gems/ruby-2.0.0-p353/gems/web-console-2.3.0/lib/web_console/templates/_prompt_box_markup.html.erb within layouts/inlined_string (0.3ms)
  Rendered /home/rafael/.rvm/gems/ruby-2.0.0-p353/gems/web-console-2.3.0/lib/web_console/templates/style.css.erb within layouts/inlined_string (0.3ms)
  Rendered /home/rafael/.rvm/gems/ruby-2.0.0-p353/gems/web-console-2.3.0/lib/web_console/templates/console.js.erb within layouts/javascript (14.8ms)
  Rendered /home/rafael/.rvm/gems/ruby-2.0.0-p353/gems/web-console-2.3.0/lib/web_console/templates/main.js.erb within layouts/javascript (0.3ms)
  Rendered /home/rafael/.rvm/gems/ruby-2.0.0-p353/gems/web-console-2.3.0/lib/web_console/templates/error_page.js.erb within layouts/javascript (0.5ms)
  Rendered /home/rafael/.rvm/gems/ruby-2.0.0-p353/gems/web-console-2.3.0/lib/web_console/templates/index.html.erb (30.2ms)


Started GET "/" for 127.0.0.1 at 2016-05-10 21:56:04 -0300
Processing by PagesController#home as HTML
  Rendered pages/home.html.erb within layouts/application (1.2ms)
Completed 200 OK in 14ms (Views: 13.1ms | ActiveRecord: 0.0ms)


Started GET "/" for 127.0.0.1 at 2016-05-10 21:56:39 -0300
Processing by PagesController#home as HTML
  Rendered pages/home.html.erb within layouts/application (9.0ms)
Completed 500 Internal Server Error in 15ms (ActiveRecord: 0.0ms)

ActionView::Template::Error (undefined local variable or method `pages_about_path' for #<#<Class:0x007f37f1e94370>:0x007f37f1ea04e0>):
    1: <h1> This is the homepage </h1>
    2: <%= link_to image_tag('profilepicture.jpg'), 'www.mashrurhossain.com' %>
    3: <%= link_to 'About', pages_about_path %>
  app/views/pages/home.html.erb:3:in `_app_views_pages_home_html_erb___44871933331931449_69938913981960'


  Rendered /home/rafael/.rvm/gems/ruby-2.0.0-p353/gems/actionpack-4.2.6/lib/action_dispatch/middleware/templates/rescues/_source.erb (4.5ms)
  Rendered /home/rafael/.rvm/gems/ruby-2.0.0-p353/gems/actionpack-4.2.6/lib/action_dispatch/middleware/templates/rescues/_trace.html.erb (1.8ms)
  Rendered /home/rafael/.rvm/gems/ruby-2.0.0-p353/gems/actionpack-4.2.6/lib/action_dispatch/middleware/templates/rescues/_request_and_response.html.erb (0.7ms)
  Rendered /home/rafael/.rvm/gems/ruby-2.0.0-p353/gems/actionpack-4.2.6/lib/action_dispatch/middleware/templates/rescues/template_error.html.erb within rescues/layout (16.0ms)
  Rendered /home/rafael/.rvm/gems/ruby-2.0.0-p353/gems/web-console-2.3.0/lib/web_console/templates/_markup.html.erb (0.7ms)
  Rendered /home/rafael/.rvm/gems/ruby-2.0.0-p353/gems/web-console-2.3.0/lib/web_console/templates/_inner_console_markup.html.erb within layouts/inlined_string (0.2ms)
  Rendered /home/rafael/.rvm/gems/ruby-2.0.0-p353/gems/web-console-2.3.0/lib/web_console/templates/_prompt_box_markup.html.erb within layouts/inlined_string (0.2ms)
  Rendered /home/rafael/.rvm/gems/ruby-2.0.0-p353/gems/web-console-2.3.0/lib/web_console/templates/style.css.erb within layouts/inlined_string (0.8ms)
  Rendered /home/rafael/.rvm/gems/ruby-2.0.0-p353/gems/web-console-2.3.0/lib/web_console/templates/console.js.erb within layouts/javascript (71.7ms)
  Rendered /home/rafael/.rvm/gems/ruby-2.0.0-p353/gems/web-console-2.3.0/lib/web_console/templates/main.js.erb within layouts/javascript (0.4ms)
  Rendered /home/rafael/.rvm/gems/ruby-2.0.0-p353/gems/web-console-2.3.0/lib/web_console/templates/error_page.js.erb within layouts/javascript (1.0ms)
  Rendered /home/rafael/.rvm/gems/ruby-2.0.0-p353/gems/web-console-2.3.0/lib/web_console/templates/index.html.erb (90.1ms)


Started GET "/" for 127.0.0.1 at 2016-05-10 21:57:01 -0300
Processing by PagesController#home as HTML
  Rendered pages/home.html.erb within layouts/application (2.1ms)
Completed 200 OK in 17ms (Views: 16.5ms | ActiveRecord: 0.0ms)


Started GET "/assets/application.self-e80e8f2318043e8af94dddc2adad5a4f09739a8ebb323b3ab31cd71d45fd9113.css?body=1" for 127.0.0.1 at 2016-05-10 21:57:01 -0300


Started GET "/assets/jquery.self-660adc51e0224b731d29f575a6f1ec167ba08ad06ed5deca4f1e8654c135bf4c.js?body=1" for 127.0.0.1 at 2016-05-10 21:57:01 -0300


Started GET "/assets/jquery_ujs.self-e87806d0cf4489aeb1bb7288016024e8de67fd18db693fe026fe3907581e53cd.js?body=1" for 127.0.0.1 at 2016-05-10 21:57:01 -0300


Started GET "/assets/turbolinks.self-c37727e9bd6b2735da5c311aa83fead54ed0be6cc8bd9a65309e9c5abe2cbfff.js?body=1" for 127.0.0.1 at 2016-05-10 21:57:01 -0300


Started GET "/assets/application.self-3b8dabdc891efe46b9a144b400ad69e37d7e5876bdc39dee783419a69d7ca819.js?body=1" for 127.0.0.1 at 2016-05-10 21:57:01 -0300


Started GET "/assets/profilepicture-88f743a97a1418f1b9e7232bd97beff42913201ba427846e49f354081cc721d6.jpg" for 127.0.0.1 at 2016-05-10 21:57:01 -0300


Started GET "/about" for 127.0.0.1 at 2016-05-10 21:57:03 -0300
Processing by PagesController#about as HTML
  Rendered pages/about.html.erb within layouts/application (9.2ms)
Completed 500 Internal Server Error in 11ms (ActiveRecord: 0.0ms)

ActionView::Template::Error (undefined local variable or method `home_path' for #<#<Class:0x007f37f16905e8>:0x007f37f21f3778>):
    1: <h1> About the homepage </h1>
    2: <%= image_tag 'profilepicture.jpg' %>
    3: <%= link_to 'Home', home_path %>
  app/views/pages/about.html.erb:3:in `_app_views_pages_about_html_erb__3921099956445807352_69939131027920'


  Rendered /home/rafael/.rvm/gems/ruby-2.0.0-p353/gems/actionpack-4.2.6/lib/action_dispatch/middleware/templates/rescues/_source.erb (3.9ms)
  Rendered /home/rafael/.rvm/gems/ruby-2.0.0-p353/gems/actionpack-4.2.6/lib/action_dispatch/middleware/templates/rescues/_trace.html.erb (1.6ms)
  Rendered /home/rafael/.rvm/gems/ruby-2.0.0-p353/gems/actionpack-4.2.6/lib/action_dispatch/middleware/templates/rescues/_request_and_response.html.erb (0.9ms)
  Rendered /home/rafael/.rvm/gems/ruby-2.0.0-p353/gems/actionpack-4.2.6/lib/action_dispatch/middleware/templates/rescues/template_error.html.erb within rescues/layout (15.1ms)
  Rendered /home/rafael/.rvm/gems/ruby-2.0.0-p353/gems/web-console-2.3.0/lib/web_console/templates/_markup.html.erb (0.6ms)
  Rendered /home/rafael/.rvm/gems/ruby-2.0.0-p353/gems/web-console-2.3.0/lib/web_console/templates/_inner_console_markup.html.erb within layouts/inlined_string (0.2ms)
  Rendered /home/rafael/.rvm/gems/ruby-2.0.0-p353/gems/web-console-2.3.0/lib/web_console/templates/_prompt_box_markup.html.erb within layouts/inlined_string (0.3ms)
  Rendered /home/rafael/.rvm/gems/ruby-2.0.0-p353/gems/web-console-2.3.0/lib/web_console/templates/style.css.erb within layouts/inlined_string (0.3ms)
  Rendered /home/rafael/.rvm/gems/ruby-2.0.0-p353/gems/web-console-2.3.0/lib/web_console/templates/console.js.erb within layouts/javascript (11.6ms)
  Rendered /home/rafael/.rvm/gems/ruby-2.0.0-p353/gems/web-console-2.3.0/lib/web_console/templates/main.js.erb within layouts/javascript (0.3ms)
  Rendered /home/rafael/.rvm/gems/ruby-2.0.0-p353/gems/web-console-2.3.0/lib/web_console/templates/error_page.js.erb within layouts/javascript (0.3ms)
  Rendered /home/rafael/.rvm/gems/ruby-2.0.0-p353/gems/web-console-2.3.0/lib/web_console/templates/index.html.erb (25.2ms)


Started GET "/about" for 127.0.0.1 at 2016-05-10 21:57:03 -0300
Processing by PagesController#about as HTML
  Rendered pages/about.html.erb within layouts/application (13.1ms)
Completed 500 Internal Server Error in 15ms (ActiveRecord: 0.0ms)

ActionView::Template::Error (undefined local variable or method `home_path' for #<#<Class:0x007f37f16905e8>:0x0000000464a9e8>):
    1: <h1> About the homepage </h1>
    2: <%= image_tag 'profilepicture.jpg' %>
    3: <%= link_to 'Home', home_path %>
  app/views/pages/about.html.erb:3:in `_app_views_pages_about_html_erb__3921099956445807352_36958960'


  Rendered /home/rafael/.rvm/gems/ruby-2.0.0-p353/gems/actionpack-4.2.6/lib/action_dispatch/middleware/templates/rescues/_source.erb (4.9ms)
  Rendered /home/rafael/.rvm/gems/ruby-2.0.0-p353/gems/actionpack-4.2.6/lib/action_dispatch/middleware/templates/rescues/_trace.html.erb (2.0ms)
  Rendered /home/rafael/.rvm/gems/ruby-2.0.0-p353/gems/actionpack-4.2.6/lib/action_dispatch/middleware/templates/rescues/_request_and_response.html.erb (0.7ms)
  Rendered /home/rafael/.rvm/gems/ruby-2.0.0-p353/gems/actionpack-4.2.6/lib/action_dispatch/middleware/templates/rescues/template_error.html.erb within rescues/layout (17.3ms)
  Rendered /home/rafael/.rvm/gems/ruby-2.0.0-p353/gems/web-console-2.3.0/lib/web_console/templates/_markup.html.erb (0.5ms)
  Rendered /home/rafael/.rvm/gems/ruby-2.0.0-p353/gems/web-console-2.3.0/lib/web_console/templates/_inner_console_markup.html.erb within layouts/inlined_string (0.3ms)
  Rendered /home/rafael/.rvm/gems/ruby-2.0.0-p353/gems/web-console-2.3.0/lib/web_console/templates/_prompt_box_markup.html.erb within layouts/inlined_string (0.3ms)
  Rendered /home/rafael/.rvm/gems/ruby-2.0.0-p353/gems/web-console-2.3.0/lib/web_console/templates/style.css.erb within layouts/inlined_string (0.5ms)
  Rendered /home/rafael/.rvm/gems/ruby-2.0.0-p353/gems/web-console-2.3.0/lib/web_console/templates/console.js.erb within layouts/javascript (13.0ms)
  Rendered /home/rafael/.rvm/gems/ruby-2.0.0-p353/gems/web-console-2.3.0/lib/web_console/templates/main.js.erb within layouts/javascript (0.5ms)
  Rendered /home/rafael/.rvm/gems/ruby-2.0.0-p353/gems/web-console-2.3.0/lib/web_console/templates/error_page.js.erb within layouts/javascript (0.4ms)
  Rendered /home/rafael/.rvm/gems/ruby-2.0.0-p353/gems/web-console-2.3.0/lib/web_console/templates/index.html.erb (27.6ms)


Started GET "/about" for 127.0.0.1 at 2016-05-10 21:57:32 -0300
Processing by PagesController#about as HTML
  Rendered pages/about.html.erb within layouts/application (2.6ms)
Completed 200 OK in 15ms (Views: 14.4ms | ActiveRecord: 0.0ms)


Started GET "/assets/jquery.self-660adc51e0224b731d29f575a6f1ec167ba08ad06ed5deca4f1e8654c135bf4c.js?body=1" for 127.0.0.1 at 2016-05-10 21:57:33 -0300


Started GET "/assets/jquery_ujs.self-e87806d0cf4489aeb1bb7288016024e8de67fd18db693fe026fe3907581e53cd.js?body=1" for 127.0.0.1 at 2016-05-10 21:57:33 -0300


Started GET "/assets/turbolinks.self-c37727e9bd6b2735da5c311aa83fead54ed0be6cc8bd9a65309e9c5abe2cbfff.js?body=1" for 127.0.0.1 at 2016-05-10 21:57:33 -0300


Started GET "/assets/application.self-e80e8f2318043e8af94dddc2adad5a4f09739a8ebb323b3ab31cd71d45fd9113.css?body=1" for 127.0.0.1 at 2016-05-10 21:57:33 -0300


Started GET "/assets/application.self-3b8dabdc891efe46b9a144b400ad69e37d7e5876bdc39dee783419a69d7ca819.js?body=1" for 127.0.0.1 at 2016-05-10 21:57:33 -0300


Started GET "/assets/profilepicture-88f743a97a1418f1b9e7232bd97beff42913201ba427846e49f354081cc721d6.jpg" for 127.0.0.1 at 2016-05-10 21:57:33 -0300


Started GET "/" for 127.0.0.1 at 2016-05-10 21:57:34 -0300
Processing by PagesController#home as HTML
  Rendered pages/home.html.erb within layouts/application (1.9ms)
Completed 200 OK in 17ms (Views: 15.8ms | ActiveRecord: 0.0ms)


Started GET "/about" for 127.0.0.1 at 2016-05-10 21:57:35 -0300
Processing by PagesController#about as HTML
  Rendered pages/about.html.erb within layouts/application (1.4ms)
Completed 200 OK in 11ms (Views: 9.9ms | ActiveRecord: 0.0ms)


Started GET "/" for 127.0.0.1 at 2016-05-10 21:57:35 -0300
Processing by PagesController#home as HTML
  Rendered pages/home.html.erb within layouts/application (53.7ms)
Completed 200 OK in 63ms (Views: 62.6ms | ActiveRecord: 0.0ms)


Started GET "/about" for 127.0.0.1 at 2016-05-10 21:57:36 -0300
Processing by PagesController#about as HTML
  Rendered pages/about.html.erb within layouts/application (1.3ms)
Completed 200 OK in 12ms (Views: 11.3ms | ActiveRecord: 0.0ms)
  [1m[36m (143.2ms)[0m  [1mCREATE TABLE "schema_migrations" ("version" varchar NOT NULL) [0m
  [1m[35m (0.1ms)[0m  select sqlite_version(*)
  [1m[36m (130.4ms)[0m  [1mCREATE UNIQUE INDEX "unique_schema_migrations" ON "schema_migrations" ("version")[0m
  [1m[35mActiveRecord::SchemaMigration Load (0.1ms)[0m  SELECT "schema_migrations".* FROM "schema_migrations"
Migrating to CreateArticles (20160515202152)
  [1m[36m (0.1ms)[0m  [1mbegin transaction[0m
  [1m[35m (0.3ms)[0m  CREATE TABLE "articles" ("id" INTEGER PRIMARY KEY AUTOINCREMENT NOT NULL, "title" varchar) 
  [1m[36mSQL (0.3ms)[0m  [1mINSERT INTO "schema_migrations" ("version") VALUES (?)[0m  [["version", "20160515202152"]]
  [1m[35m (143.5ms)[0m  commit transaction
  [1m[36mActiveRecord::SchemaMigration Load (0.1ms)[0m  [1mSELECT "schema_migrations".* FROM "schema_migrations"[0m
  [1m[36mActiveRecord::SchemaMigration Load (0.1ms)[0m  [1mSELECT "schema_migrations".* FROM "schema_migrations"[0m
  [1m[35mActiveRecord::SchemaMigration Load (0.1ms)[0m  SELECT "schema_migrations".* FROM "schema_migrations"
Migrating to CreateArticles (20160515202152)
  [1m[36m (0.1ms)[0m  [1mbegin transaction[0m
  [1m[35m (0.3ms)[0m  DROP TABLE "articles"
  [1m[36mSQL (0.2ms)[0m  [1mDELETE FROM "schema_migrations" WHERE "schema_migrations"."version" = ?[0m  [["version", "20160515202152"]]
  [1m[35m (134.8ms)[0m  commit transaction
  [1m[36mActiveRecord::SchemaMigration Load (0.1ms)[0m  [1mSELECT "schema_migrations".* FROM "schema_migrations"[0m
  [1m[36mActiveRecord::SchemaMigration Load (0.1ms)[0m  [1mSELECT "schema_migrations".* FROM "schema_migrations"[0m
Migrating to CreateArticles (20160515202152)
  [1m[35m (0.1ms)[0m  begin transaction
  [1m[36m (0.3ms)[0m  [1mCREATE TABLE "articles" ("id" INTEGER PRIMARY KEY AUTOINCREMENT NOT NULL, "title" varchar, "description" text) [0m
  [1m[35mSQL (0.2ms)[0m  INSERT INTO "schema_migrations" ("version") VALUES (?)  [["version", "20160515202152"]]
  [1m[36m (109.8ms)[0m  [1mcommit transaction[0m
  [1m[35mActiveRecord::SchemaMigration Load (0.1ms)[0m  SELECT "schema_migrations".* FROM "schema_migrations"
  [1m[36mActiveRecord::SchemaMigration Load (0.1ms)[0m  [1mSELECT "schema_migrations".* FROM "schema_migrations"[0m
  [1m[35mActiveRecord::SchemaMigration Load (0.1ms)[0m  SELECT "schema_migrations".* FROM "schema_migrations"
Migrating to CreateArticles (20160515202152)
  [1m[36m (0.1ms)[0m  [1mbegin transaction[0m
  [1m[35m (0.3ms)[0m  DROP TABLE "articles"
  [1m[36mSQL (0.2ms)[0m  [1mDELETE FROM "schema_migrations" WHERE "schema_migrations"."version" = ?[0m  [["version", "20160515202152"]]
  [1m[35m (160.9ms)[0m  commit transaction
  [1m[36mActiveRecord::SchemaMigration Load (0.1ms)[0m  [1mSELECT "schema_migrations".* FROM "schema_migrations"[0m
  [1m[36mActiveRecord::SchemaMigration Load (0.1ms)[0m  [1mSELECT "schema_migrations".* FROM "schema_migrations"[0m
Migrating to CreateArticles (20160515202152)
  [1m[35m (0.1ms)[0m  begin transaction
  [1m[36m (0.3ms)[0m  [1mCREATE TABLE "articles" ("id" INTEGER PRIMARY KEY AUTOINCREMENT NOT NULL, "title" varchar) [0m
  [1m[35mSQL (0.3ms)[0m  INSERT INTO "schema_migrations" ("version") VALUES (?)  [["version", "20160515202152"]]
  [1m[36m (156.8ms)[0m  [1mcommit transaction[0m
Migrating to AddDescriptionToArticles (20160515203925)
  [1m[35m (0.1ms)[0m  begin transaction
  [1m[36m (0.3ms)[0m  [1mALTER TABLE "articles" ADD "description" text[0m
  [1m[35m (0.1ms)[0m  rollback transaction
  [1m[36mActiveRecord::SchemaMigration Load (0.2ms)[0m  [1mSELECT "schema_migrations".* FROM "schema_migrations"[0m
Migrating to AddDescriptionToArticles (20160515203925)
  [1m[35m (0.1ms)[0m  begin transaction
  [1m[36m (0.4ms)[0m  [1mALTER TABLE "articles" ADD "description" text[0m
  [1m[35m (0.2ms)[0m  ALTER TABLE "articles" ADD "created_at" datetime
  [1m[36m (0.2ms)[0m  [1mALTER TABLE "articles" ADD "updated_at" datetime[0m
  [1m[35mSQL (0.3ms)[0m  INSERT INTO "schema_migrations" ("version") VALUES (?)  [["version", "20160515203925"]]
  [1m[36m (157.2ms)[0m  [1mcommit transaction[0m
  [1m[35mActiveRecord::SchemaMigration Load (0.1ms)[0m  SELECT "schema_migrations".* FROM "schema_migrations"
  [1m[36mArticle Load (0.7ms)[0m  [1mSELECT "articles".* FROM "articles"[0m
  [1m[35m (0.1ms)[0m  begin transaction
  [1m[36mSQL (0.4ms)[0m  [1mINSERT INTO "articles" ("title", "created_at", "updated_at") VALUES (?, ?, ?)[0m  [["title", "Hello Baby"], ["created_at", "2016-05-15 20:53:01.423473"], ["updated_at", "2016-05-15 20:53:01.423473"]]
  [1m[35m (202.8ms)[0m  commit transaction
  [1m[36mArticle Load (0.1ms)[0m  [1mSELECT "articles".* FROM "articles"[0m
  [1m[35mArticle Load (0.2ms)[0m  SELECT "articles".* FROM "articles"
  [1m[36m (0.1ms)[0m  [1mbegin transaction[0m
  [1m[35mSQL (0.2ms)[0m  DELETE FROM "articles" WHERE "articles"."id" = ?  [["id", 1]]
  [1m[36m (157.4ms)[0m  [1mcommit transaction[0m
  [1m[35mArticle Load (0.2ms)[0m  SELECT "articles".* FROM "articles"
  [1m[36m (0.1ms)[0m  [1mbegin transaction[0m
  [1m[35mSQL (0.4ms)[0m  INSERT INTO "articles" ("title", "description", "created_at", "updated_at") VALUES (?, ?, ?, ?)  [["title", "Hiho"], ["description", "Hello"], ["created_at", "2016-05-15 20:58:50.310484"], ["updated_at", "2016-05-15 20:58:50.310484"]]
  [1m[36m (152.1ms)[0m  [1mcommit transaction[0m
  [1m[35mArticle Load (0.1ms)[0m  SELECT "articles".* FROM "articles"
  [1m[36mArticle Load (252.7ms)[0m  [1mSELECT "articles".* FROM "articles"[0m
  [1m[35mArticle Load (0.1ms)[0m  SELECT "articles".* FROM "articles"
  [1m[36m (0.0ms)[0m  [1mbegin transaction[0m
  [1m[35mSQL (45.9ms)[0m  DELETE FROM "articles" WHERE "articles"."id" = ?  [["id", 2]]
  [1m[36m (178.8ms)[0m  [1mcommit transaction[0m
  [1m[35mArticle Load (0.2ms)[0m  SELECT "articles".* FROM "articles"
  [1m[36m (0.1ms)[0m  [1mbegin transaction[0m
  [1m[35mSQL (0.2ms)[0m  INSERT INTO "articles" ("description", "created_at", "updated_at") VALUES (?, ?, ?)  [["description", "Hello"], ["created_at", "2016-05-15 23:18:08.825766"], ["updated_at", "2016-05-15 23:18:08.825766"]]
  [1m[36m (173.8ms)[0m  [1mcommit transaction[0m
  [1m[35mArticle Load (0.4ms)[0m  SELECT "articles".* FROM "articles"
  [1m[36mArticle Load (0.9ms)[0m  [1mSELECT "articles".* FROM "articles"[0m
  [1m[35m (0.2ms)[0m  begin transaction
  [1m[36mSQL (0.3ms)[0m  [1mDELETE FROM "articles" WHERE "articles"."id" = ?[0m  [["id", 3]]
  [1m[35m (219.7ms)[0m  commit transaction
  [1m[36mArticle Load (0.2ms)[0m  [1mSELECT "articles".* FROM "articles"[0m
  [1m[35m (0.1ms)[0m  begin transaction
  [1m[36m (0.1ms)[0m  [1mrollback transaction[0m
  [1m[35m (0.1ms)[0m  begin transaction
  [1m[36mSQL (0.2ms)[0m  [1mINSERT INTO "articles" ("title", "description", "created_at", "updated_at") VALUES (?, ?, ?, ?)[0m  [["title", "as"], ["description", "3dsadasdsasdasasd"], ["created_at", "2016-05-15 23:30:41.550400"], ["updated_at", "2016-05-15 23:30:41.550400"]]
  [1m[35m (169.3ms)[0m  commit transaction
  [1m[36m (0.2ms)[0m  [1mbegin transaction[0m
  [1m[35m (0.0ms)[0m  commit transaction
  [1m[36m (0.2ms)[0m  [1mbegin transaction[0m
  [1m[35m (0.1ms)[0m  rollback transaction
